mode: set
github.com/kiquetal/boot-dev/build/server/internal/database.go:44.38,55.18 3 1
github.com/kiquetal/boot-dev/build/server/internal/database.go:59.2,59.16 1 1
github.com/kiquetal/boot-dev/build/server/internal/database.go:55.18,58.3 1 0
github.com/kiquetal/boot-dev/build/server/internal/database.go:62.66,67.16 3 1
github.com/kiquetal/boot-dev/build/server/internal/database.go:70.2,70.38 1 1
github.com/kiquetal/boot-dev/build/server/internal/database.go:84.2,85.40 2 1
github.com/kiquetal/boot-dev/build/server/internal/database.go:90.2,97.16 4 1
github.com/kiquetal/boot-dev/build/server/internal/database.go:101.2,101.19 1 1
github.com/kiquetal/boot-dev/build/server/internal/database.go:67.16,69.3 1 0
github.com/kiquetal/boot-dev/build/server/internal/database.go:70.38,79.17 5 1
github.com/kiquetal/boot-dev/build/server/internal/database.go:82.3,82.20 1 1
github.com/kiquetal/boot-dev/build/server/internal/database.go:79.17,81.4 1 0
github.com/kiquetal/boot-dev/build/server/internal/database.go:85.40,86.17 1 1
github.com/kiquetal/boot-dev/build/server/internal/database.go:86.17,88.4 1 1
github.com/kiquetal/boot-dev/build/server/internal/database.go:97.16,100.3 1 0
github.com/kiquetal/boot-dev/build/server/internal/database.go:105.45,108.16 2 1
github.com/kiquetal/boot-dev/build/server/internal/database.go:111.2,111.20 1 1
github.com/kiquetal/boot-dev/build/server/internal/database.go:115.2,117.16 3 1
github.com/kiquetal/boot-dev/build/server/internal/database.go:121.2,121.29 1 1
github.com/kiquetal/boot-dev/build/server/internal/database.go:108.16,110.3 1 0
github.com/kiquetal/boot-dev/build/server/internal/database.go:111.20,113.3 1 0
github.com/kiquetal/boot-dev/build/server/internal/database.go:117.16,120.3 2 0
github.com/kiquetal/boot-dev/build/server/internal/database.go:124.45,130.16 3 1
github.com/kiquetal/boot-dev/build/server/internal/database.go:134.2,134.20 1 1
github.com/kiquetal/boot-dev/build/server/internal/database.go:137.2,139.16 3 1
github.com/kiquetal/boot-dev/build/server/internal/database.go:144.2,144.29 1 1
github.com/kiquetal/boot-dev/build/server/internal/database.go:130.16,133.3 1 0
github.com/kiquetal/boot-dev/build/server/internal/database.go:134.20,136.3 1 0
github.com/kiquetal/boot-dev/build/server/internal/database.go:139.16,142.3 2 0
github.com/kiquetal/boot-dev/build/server/internal/database.go:147.62,153.16 5 1
github.com/kiquetal/boot-dev/build/server/internal/database.go:156.2,156.12 1 1
github.com/kiquetal/boot-dev/build/server/internal/database.go:153.16,155.3 1 0
github.com/kiquetal/boot-dev/build/server/internal/database.go:159.49,163.16 2 1
github.com/kiquetal/boot-dev/build/server/internal/database.go:175.2,176.12 2 1
github.com/kiquetal/boot-dev/build/server/internal/database.go:163.16,164.25 1 0
github.com/kiquetal/boot-dev/build/server/internal/database.go:164.25,167.18 2 0
github.com/kiquetal/boot-dev/build/server/internal/database.go:170.4,170.55 1 0
github.com/kiquetal/boot-dev/build/server/internal/database.go:167.18,169.5 1 0
github.com/kiquetal/boot-dev/build/server/internal/database.go:179.44,184.16 5 1
github.com/kiquetal/boot-dev/build/server/internal/database.go:187.2,187.38 1 1
github.com/kiquetal/boot-dev/build/server/internal/database.go:190.2,190.47 1 1
github.com/kiquetal/boot-dev/build/server/internal/database.go:194.2,194.20 1 1
github.com/kiquetal/boot-dev/build/server/internal/database.go:184.16,186.3 1 0
github.com/kiquetal/boot-dev/build/server/internal/database.go:187.38,189.3 1 0
github.com/kiquetal/boot-dev/build/server/internal/database.go:190.47,192.3 1 1
github.com/kiquetal/boot-dev/build/server/internal/database.go:197.47,201.16 4 0
github.com/kiquetal/boot-dev/build/server/internal/database.go:204.2,204.38 1 0
github.com/kiquetal/boot-dev/build/server/internal/database.go:207.2,208.9 2 0
github.com/kiquetal/boot-dev/build/server/internal/database.go:211.2,211.19 1 0
github.com/kiquetal/boot-dev/build/server/internal/database.go:201.16,203.3 1 0
github.com/kiquetal/boot-dev/build/server/internal/database.go:204.38,206.3 1 0
github.com/kiquetal/boot-dev/build/server/internal/database.go:208.9,210.3 1 0
github.com/kiquetal/boot-dev/build/server/internal/database.go:214.62,218.16 4 1
github.com/kiquetal/boot-dev/build/server/internal/database.go:221.2,221.38 1 1
github.com/kiquetal/boot-dev/build/server/internal/database.go:224.2,225.47 2 1
github.com/kiquetal/boot-dev/build/server/internal/database.go:230.2,230.20 1 1
github.com/kiquetal/boot-dev/build/server/internal/database.go:218.16,220.3 1 0
github.com/kiquetal/boot-dev/build/server/internal/database.go:221.38,223.3 1 0
github.com/kiquetal/boot-dev/build/server/internal/database.go:225.47,226.31 1 1
github.com/kiquetal/boot-dev/build/server/internal/database.go:226.31,228.4 1 0
github.com/kiquetal/boot-dev/build/server/internal/database.go:233.64,237.16 2 1
github.com/kiquetal/boot-dev/build/server/internal/database.go:241.2,242.16 2 1
github.com/kiquetal/boot-dev/build/server/internal/database.go:245.2,245.41 1 1
github.com/kiquetal/boot-dev/build/server/internal/database.go:259.2,260.43 2 1
github.com/kiquetal/boot-dev/build/server/internal/database.go:266.2,273.16 4 1
github.com/kiquetal/boot-dev/build/server/internal/database.go:276.2,276.18 1 1
github.com/kiquetal/boot-dev/build/server/internal/database.go:237.16,239.3 1 0
github.com/kiquetal/boot-dev/build/server/internal/database.go:242.16,244.3 1 0
github.com/kiquetal/boot-dev/build/server/internal/database.go:245.41,254.17 5 0
github.com/kiquetal/boot-dev/build/server/internal/database.go:257.3,257.19 1 0
github.com/kiquetal/boot-dev/build/server/internal/database.go:254.17,256.4 1 0
github.com/kiquetal/boot-dev/build/server/internal/database.go:260.43,261.17 1 1
github.com/kiquetal/boot-dev/build/server/internal/database.go:261.17,263.4 1 1
github.com/kiquetal/boot-dev/build/server/internal/database.go:273.16,275.3 1 0
github.com/kiquetal/boot-dev/build/server/internal/database.go:280.73,282.16 2 1
github.com/kiquetal/boot-dev/build/server/internal/database.go:285.2,286.20 2 1
github.com/kiquetal/boot-dev/build/server/internal/database.go:282.16,284.3 1 0
github.com/kiquetal/boot-dev/build/server/internal/database.go:289.66,293.16 4 1
github.com/kiquetal/boot-dev/build/server/internal/database.go:296.2,296.41 1 1
github.com/kiquetal/boot-dev/build/server/internal/database.go:299.2,300.49 2 1
github.com/kiquetal/boot-dev/build/server/internal/database.go:306.2,306.27 1 1
github.com/kiquetal/boot-dev/build/server/internal/database.go:310.2,310.33 1 1
github.com/kiquetal/boot-dev/build/server/internal/database.go:316.2,316.23 1 1
github.com/kiquetal/boot-dev/build/server/internal/database.go:293.16,295.3 1 0
github.com/kiquetal/boot-dev/build/server/internal/database.go:296.41,298.3 1 0
github.com/kiquetal/boot-dev/build/server/internal/database.go:300.49,301.26 1 1
github.com/kiquetal/boot-dev/build/server/internal/database.go:301.26,303.9 2 1
github.com/kiquetal/boot-dev/build/server/internal/database.go:306.27,309.3 1 0
github.com/kiquetal/boot-dev/build/server/internal/database.go:310.33,312.17 2 1
github.com/kiquetal/boot-dev/build/server/internal/database.go:312.17,314.4 1 0
github.com/kiquetal/boot-dev/build/server/internal/database.go:319.83,321.16 2 1
github.com/kiquetal/boot-dev/build/server/internal/database.go:324.2,324.18 1 1
github.com/kiquetal/boot-dev/build/server/internal/database.go:321.16,323.3 1 0
github.com/kiquetal/boot-dev/build/server/internal/database.go:327.45,331.16 4 1
github.com/kiquetal/boot-dev/build/server/internal/database.go:334.2,334.41 1 1
github.com/kiquetal/boot-dev/build/server/internal/database.go:337.2,338.9 2 1
github.com/kiquetal/boot-dev/build/server/internal/database.go:341.2,341.18 1 1
github.com/kiquetal/boot-dev/build/server/internal/database.go:331.16,333.3 1 0
github.com/kiquetal/boot-dev/build/server/internal/database.go:334.41,336.3 1 0
github.com/kiquetal/boot-dev/build/server/internal/database.go:338.9,340.3 1 0
github.com/kiquetal/boot-dev/build/server/internal/database.go:344.51,347.16 2 1
github.com/kiquetal/boot-dev/build/server/internal/database.go:350.2,350.41 1 1
github.com/kiquetal/boot-dev/build/server/internal/database.go:353.2,354.9 2 1
github.com/kiquetal/boot-dev/build/server/internal/database.go:357.2,358.14 2 1
github.com/kiquetal/boot-dev/build/server/internal/database.go:362.2,368.16 3 1
github.com/kiquetal/boot-dev/build/server/internal/database.go:371.2,371.18 1 1
github.com/kiquetal/boot-dev/build/server/internal/database.go:347.16,349.3 1 0
github.com/kiquetal/boot-dev/build/server/internal/database.go:350.41,352.3 1 0
github.com/kiquetal/boot-dev/build/server/internal/database.go:354.9,356.3 1 0
github.com/kiquetal/boot-dev/build/server/internal/database.go:358.14,360.3 1 0
github.com/kiquetal/boot-dev/build/server/internal/database.go:368.16,370.3 1 0
github.com/kiquetal/boot-dev/build/server/internal/database.go:374.62,378.18 3 1
github.com/kiquetal/boot-dev/build/server/internal/database.go:382.2,382.30 1 1
github.com/kiquetal/boot-dev/build/server/internal/database.go:386.2,388.16 3 1
github.com/kiquetal/boot-dev/build/server/internal/database.go:392.2,392.19 1 1
github.com/kiquetal/boot-dev/build/server/internal/database.go:378.18,381.3 1 0
github.com/kiquetal/boot-dev/build/server/internal/database.go:382.30,384.3 1 1
github.com/kiquetal/boot-dev/build/server/internal/database.go:388.16,390.3 1 0
github.com/kiquetal/boot-dev/build/server/internal/database.go:395.60,399.18 3 0
github.com/kiquetal/boot-dev/build/server/internal/database.go:402.2,403.8 2 0
github.com/kiquetal/boot-dev/build/server/internal/database.go:406.2,406.19 1 0
github.com/kiquetal/boot-dev/build/server/internal/database.go:399.18,401.3 1 0
github.com/kiquetal/boot-dev/build/server/internal/database.go:403.8,405.3 1 0
github.com/kiquetal/boot-dev/build/server/internal/database.go:410.61,416.16 5 1
github.com/kiquetal/boot-dev/build/server/internal/database.go:419.2,419.20 1 1
github.com/kiquetal/boot-dev/build/server/internal/database.go:422.2,424.16 3 0
github.com/kiquetal/boot-dev/build/server/internal/database.go:428.2,428.27 1 0
github.com/kiquetal/boot-dev/build/server/internal/database.go:416.16,418.3 1 0
github.com/kiquetal/boot-dev/build/server/internal/database.go:419.20,421.3 1 1
github.com/kiquetal/boot-dev/build/server/internal/database.go:424.16,427.3 2 0
github.com/kiquetal/boot-dev/build/server/internal/database.go:431.41,435.16 4 0
github.com/kiquetal/boot-dev/build/server/internal/database.go:438.2,438.38 1 0
github.com/kiquetal/boot-dev/build/server/internal/database.go:441.2,442.9 2 0
github.com/kiquetal/boot-dev/build/server/internal/database.go:445.2,447.16 3 0
github.com/kiquetal/boot-dev/build/server/internal/database.go:450.2,450.12 1 0
github.com/kiquetal/boot-dev/build/server/internal/database.go:435.16,437.3 1 0
github.com/kiquetal/boot-dev/build/server/internal/database.go:438.38,440.3 1 0
github.com/kiquetal/boot-dev/build/server/internal/database.go:442.9,444.3 1 0
github.com/kiquetal/boot-dev/build/server/internal/database.go:447.16,449.3 1 0
